18:04:24 **** Clean-only build of configuration Debug for project W9-02_map&multimap_sample2 ****
rm -rf W9-02_map&multimap_sample2.o W9-02_map&multimap_sample2.d W9-02_map&multimap_sample2.exe 
Cannot run program "rm": Launching failed

Error: Program "rm" not found in PATH
PATH=[D:\Program Files\Development\MinGW\bin;\bin;D:/Program Files/Development/jdk1.7.0_45/jre/bin/server;D:/Program Files/Development/jdk1.7.0_45/jre/bin;D:/Program Files/Development/jdk1.7.0_45/jre/lib/amd64;D:\Program Files\Development\gradle-1.8\bin;D:\Program Files\Development\android-sdk\tools;D:\Program Files\Development\android-sdk\platform-tools;D:\Program Files\Development\MinGW\bin;D:\Program Files\Development\jdk1.7.0_45\jre\bin;D:\Program Files\Development\jdk1.7.0_45\bin;C:\Windows\system32;C:\Windows;C:\Windows\System32\Wbem;C:\Windows\System32\WindowsPowerShell\v1.0\;C:\Program Files (x86)\ATI Technologies\ATI.ACE\Core-Static;D:\Program Files\Development\eclipse - CDT]

18:04:25 **** Clean-only build of configuration Debug for project W9-02_map&multimap_sample2 ****
18:04:35 **** Rebuild of configuration Debug for project W9-02_map&multimap_sample2 ****
Info: Internal Builder is used for build
g++ -O0 -g3 -Wall -c -fmessage-length=0 -o W9-02_map&multimap_sample2.o "..\\W9-02_map&multimap_sample2.cpp" 
g++ -o W9-02_map&multimap_sample2.exe W9-02_map&multimap_sample2.o 
18:05:30 **** Incremental Build of configuration Debug for project W9-02_map&multimap_sample2 ****
Info: Internal Builder is used for build
g++ -O0 -g3 -Wall -c -fmessage-length=0 -o W9-02_map&multimap_sample2.o "..\\W9-02_map&multimap_sample2.cpp" 
g++ -o W9-02_map&multimap_sample2.exe W9-02_map&multimap_sample2.o 
18:05:51 **** Incremental Build of configuration Debug for project W9-02_map&multimap_sample2 ****
Info: Internal Builder is used for build
g++ -O0 -g3 -Wall -c -fmessage-length=0 -o W9-02_map&multimap_sample2.o "..\\W9-02_map&multimap_sample2.cpp" 
g++ -o W9-02_map&multimap_sample2.exe W9-02_map&multimap_sample2.o 
18:06:29 **** Incremental Build of configuration Debug for project W9-02_map&multimap_sample2 ****
Info: Internal Builder is used for build
g++ -O0 -g3 -Wall -c -fmessage-length=0 -o W9-02_map&multimap_sample2.o "..\\W9-02_map&multimap_sample2.cpp" 
g++ -o W9-02_map&multimap_sample2.exe W9-02_map&multimap_sample2.o 
18:06:51 **** Incremental Build of configuration Debug for project W9-02_map&multimap_sample2 ****
Info: Internal Builder is used for build
g++ -O0 -g3 -Wall -c -fmessage-length=0 -o W9-02_map&multimap_sample2.o "..\\W9-02_map&multimap_sample2.cpp" 
g++ -o W9-02_map&multimap_sample2.exe W9-02_map&multimap_sample2.o 
Info: Nothing to build for W9-02_map&multimap_sample2
Info: Nothing to build for W9-02_map&multimap_sample2
18:07:16 **** Incremental Build of configuration Debug for project W9-02_map&multimap_sample2 ****
Info: Internal Builder is used for build
g++ -O0 -g3 -Wall -c -fmessage-length=0 -o W9-02_map&multimap_sample2.o "..\\W9-02_map&multimap_sample2.cpp" 
g++ -o W9-02_map&multimap_sample2.exe W9-02_map&multimap_sample2.o 
18:09:03 **** Incremental Build of configuration Debug for project W9-02_map&multimap_sample2 ****
Info: Internal Builder is used for build
g++ -O0 -g3 -Wall -c -fmessage-length=0 -o W9-02_map&multimap_sample2.o "..\\W9-02_map&multimap_sample2.cpp" 
g++ -o W9-02_map&multimap_sample2.exe W9-02_map&multimap_sample2.o 
d:/program files/development/mingw/bin/../lib/gcc/mingw32/4.7.1/../../../libmingw32.a(main.o):main.c:(.text.startup+0xa7): undefined reference to `WinMain@16'
collect2.exe: error: ld returned 1 exit status
18:09:05 **** Incremental Build of configuration Debug for project W9-02_map&multimap_sample2 ****
Info: Internal Builder is used for build
g++ -o W9-02_map&multimap_sample2.exe W9-02_map&multimap_sample2.o 
d:/program files/development/mingw/bin/../lib/gcc/mingw32/4.7.1/../../../libmingw32.a(main.o):main.c:(.text.startup+0xa7): undefined reference to `WinMain@16'
collect2.exe: error: ld returned 1 exit status
18:09:11 **** Incremental Build of configuration Debug for project W9-02_map&multimap_sample2 ****
Info: Internal Builder is used for build
g++ -O0 -g3 -Wall -c -fmessage-length=0 -o W9-02_map&multimap_sample2.o "..\\W9-02_map&multimap_sample2.cpp" 
..\W9-02_map&multimap_sample2.cpp: In function 'int main()':
..\W9-02_map&multimap_sample2.cpp:32:2: error: expected '}' at end of input
18:09:34 **** Incremental Build of configuration Debug for project W9-02_map&multimap_sample2 ****
Info: Internal Builder is used for build
g++ -O0 -g3 -Wall -c -fmessage-length=0 -o W9-02_map&multimap_sample2.o "..\\W9-02_map&multimap_sample2.cpp" 
..\W9-02_map&multimap_sample2.cpp: In function 'int main()':
..\W9-02_map&multimap_sample2.cpp:32:10: error: expected '}' at end of input
18:10:12 **** Incremental Build of configuration Debug for project W9-02_map&multimap_sample2 ****
Info: Internal Builder is used for build
g++ -O0 -g3 -Wall -c -fmessage-length=0 -o W9-02_map&multimap_sample2.o "..\\W9-02_map&multimap_sample2.cpp" 
g++ -o W9-02_map&multimap_sample2.exe W9-02_map&multimap_sample2.o 
18:25:03 **** Incremental Build of configuration Debug for project W9-02_map&multimap_sample2 ****
Info: Internal Builder is used for build
g++ -O0 -g3 -Wall -c -fmessage-length=0 -o W9-02_map&multimap_sample2.o "..\\W9-02_map&multimap_sample2.cpp" 
..\W9-02_map&multimap_sample2.cpp: In function 'int main()':
..\W9-02_map&multimap_sample2.cpp:39:8: error: 'maxp' was not declared in this scope
..\W9-02_map&multimap_sample2.cpp:46:8: error: 'maxp' was not declared in this scope
..\W9-02_map&multimap_sample2.cpp:50:14: error: 'maxp' was not declared in this scope
18:25:19 **** Incremental Build of configuration Debug for project W9-02_map&multimap_sample2 ****
Info: Internal Builder is used for build
g++ -O0 -g3 -Wall -c -fmessage-length=0 -o W9-02_map&multimap_sample2.o "..\\W9-02_map&multimap_sample2.cpp" 
g++ -o W9-02_map&multimap_sample2.exe W9-02_map&multimap_sample2.o 
Info: Nothing to build for W9-02_map&multimap_sample2
Info: Nothing to build for W9-02_map&multimap_sample2
18:27:18 **** Incremental Build of configuration Debug for project W9-02_map&multimap_sample2 ****
Info: Internal Builder is used for build
g++ -O0 -g3 -Wall -c -fmessage-length=0 -o W9-02_map&multimap_sample2.o "..\\W9-02_map&multimap_sample2.cpp" 
..\W9-02_map&multimap_sample2.cpp:48:63: warning: missing terminating " character [enabled by default]
..\W9-02_map&multimap_sample2.cpp:48:5: error: missing terminating " character
..\W9-02_map&multimap_sample2.cpp: In function 'int main()':
..\W9-02_map&multimap_sample2.cpp:49:4: error: expected ';' before '}' token
..\W9-02_map&multimap_sample2.cpp:54:10: error: expected '}' at end of input
18:27:25 **** Incremental Build of configuration Debug for project W9-02_map&multimap_sample2 ****
Info: Internal Builder is used for build
g++ -O0 -g3 -Wall -c -fmessage-length=0 -o W9-02_map&multimap_sample2.o "..\\W9-02_map&multimap_sample2.cpp" 
..\W9-02_map&multimap_sample2.cpp:48:63: warning: missing terminating " character [enabled by default]
..\W9-02_map&multimap_sample2.cpp:48:5: error: missing terminating " character
..\W9-02_map&multimap_sample2.cpp: In function 'int main()':
..\W9-02_map&multimap_sample2.cpp:49:4: error: expected ';' before '}' token
18:28:06 **** Incremental Build of configuration Debug for project W9-02_map&multimap_sample2 ****
Info: Internal Builder is used for build
g++ -O0 -g3 -Wall -c -fmessage-length=0 -o W9-02_map&multimap_sample2.o "..\\W9-02_map&multimap_sample2.cpp" 
..\W9-02_map&multimap_sample2.cpp:48:63: warning: missing terminating " character [enabled by default]
..\W9-02_map&multimap_sample2.cpp:48:5: error: missing terminating " character
..\W9-02_map&multimap_sample2.cpp: In function 'int main()':
..\W9-02_map&multimap_sample2.cpp:49:4: error: expected ';' before '}' token
18:28:28 **** Incremental Build of configuration Debug for project W9-02_map&multimap_sample2 ****
Info: Internal Builder is used for build
g++ -O0 -g3 -Wall -c -fmessage-length=0 -o W9-02_map&multimap_sample2.o "..\\W9-02_map&multimap_sample2.cpp" 
..\W9-02_map&multimap_sample2.cpp:47:63: warning: missing terminating " character [enabled by default]
..\W9-02_map&multimap_sample2.cpp:47:5: error: missing terminating " character
..\W9-02_map&multimap_sample2.cpp: In function 'int main()':
..\W9-02_map&multimap_sample2.cpp:48:4: error: expected ';' before '}' token
21:45:04 **** Incremental Build of configuration Debug for project W9-02_map&multimap_sample2 ****
Info: Internal Builder is used for build
g++ -O0 -g3 -Wall -c -fmessage-length=0 -o W9-02_map&multimap_sample2.o "..\\W9-02_map&multimap_sample2.cpp" 
g++ -o W9-02_map&multimap_sample2.exe W9-02_map&multimap_sample2.o 
21:45:23 **** Incremental Build of configuration Debug for project W9-02_map&multimap_sample2 ****
Info: Internal Builder is used for build
g++ -O0 -g3 -Wall -c -fmessage-length=0 -o W9-02_map&multimap_sample2.o "..\\W9-02_map&multimap_sample2.cpp" 
g++ -o W9-02_map&multimap_sample2.exe W9-02_map&multimap_sample2.o 
d:/program files/development/mingw/bin/../lib/gcc/mingw32/4.7.1/../../../libmingw32.a(main.o):main.c:(.text.startup+0xa7): undefined reference to `WinMain@16'
collect2.exe: error: ld returned 1 exit status
21:45:28 **** Incremental Build of configuration Debug for project W9-02_map&multimap_sample2 ****
Info: Internal Builder is used for build
g++ -O0 -g3 -Wall -c -fmessage-length=0 -o W9-02_map&multimap_sample2.o "..\\W9-02_map&multimap_sample2.cpp" 
g++ -o W9-02_map&multimap_sample2.exe W9-02_map&multimap_sample2.o 
Info: Nothing to build for W9-02_map&multimap_sample2
14:07:06 **** Incremental Build of configuration Debug for project W9-02_map&multimap_sample2 ****
Info: Internal Builder is used for build
g++ -O0 -g3 -Wall -c -fmessage-length=0 -o W9-02_map&multimap_sample2.o "..\\W9-02_map&multimap_sample2.cpp" 
g++ -o W9-02_map&multimap_sample2.exe W9-02_map&multimap_sample2.o 
Info: Nothing to build for W9-02_map&multimap_sample2
14:08:54 **** Incremental Build of configuration Debug for project tmp ****
Info: Internal Builder is used for build
g++ -O0 -g3 -Wall -c -fmessage-length=0 -o "src\\tmp.o" "..\\src\\tmp.cpp" 
..\src\tmp.cpp: In function 'int main()':
..\src\tmp.cpp:16:2: error: 'multiset' was not declared in this scope
..\src\tmp.cpp:16:12: error: expected primary-expression before 'int'
..\src\tmp.cpp:16:12: error: expected ';' before 'int'
..\src\tmp.cpp:17:12: error: 'st' was not declared in this scope
..\src\tmp.cpp:15:6: warning: unused variable 'a' [-Wunused-variable]
Info: Nothing to build for W9-02_map&multimap_sample2
14:09:08 **** Incremental Build of configuration Debug for project tmp ****
Info: Internal Builder is used for build
g++ -O0 -g3 -Wall -c -fmessage-length=0 -o "src\\tmp.o" "..\\src\\tmp.cpp" 
g++ -o tmp.exe "src\\tmp.o" 
Info: Nothing to build for tmp
14:24:00 **** Rebuild of configuration Debug for project W9-02_map&multimap_sample3 ****
Info: Internal Builder is used for build
g++ -O0 -g3 -Wall -c -fmessage-length=0 -o W9-02_map&multimap_sample2.o "..\\W9-02_map&multimap_sample2.cpp" 
g++ -o W9-02_map&multimap_sample3.exe W9-02_map&multimap_sample2.o 
d:/program files/development/mingw/bin/../lib/gcc/mingw32/4.7.1/../../../libmingw32.a(main.o):main.c:(.text.startup+0xa7): undefined reference to `WinMain@16'
collect2.exe: error: ld returned 1 exit status
14:33:33 **** Incremental Build of configuration Debug for project W9-02_map&multimap_sample3 ****
Info: Internal Builder is used for build
g++ -O0 -g3 -Wall -c -fmessage-length=0 -o W9-02_map&multimap_sample2.o "..\\W9-02_map&multimap_sample2.cpp" 
g++ -o W9-02_map&multimap_sample3.exe W9-02_map&multimap_sample2.o 
14:45:35 **** Incremental Build of configuration Debug for project W9-02_map&multimap_sample3 ****
Info: Internal Builder is used for build
g++ -O0 -g3 -Wall -c -fmessage-length=0 -o W9-02_map&multimap_sample2.o "..\\W9-02_map&multimap_sample2.cpp" 
..\W9-02_map&multimap_sample2.cpp: In function 'int main()':
..\W9-02_map&multimap_sample2.cpp:26:6: warning: unused variable 'n' [-Wunused-variable]
g++ -o W9-02_map&multimap_sample3.exe W9-02_map&multimap_sample2.o 
Info: Nothing to build for W9-02_map&multimap_sample3
Info: Nothing to build for W9-02_map&multimap_sample3
14:57:42 **** Rebuild of configuration Debug for project W9-03_Adapters ****
Info: Internal Builder is used for build
g++ -O0 -g3 -Wall -c -fmessage-length=0 -o W9-03_Adapters.o "..\\W9-03_Adapters.cpp" 
g++ -o W9-03_Adapters.exe W9-03_Adapters.o 
Info: Nothing to build for W9-02_map&multimap_sample3
15:00:34 **** Incremental Build of configuration Debug for project W9-03_Adapters ****
Info: Internal Builder is used for build
g++ -O0 -g3 -Wall -c -fmessage-length=0 -o W9-03_Adapters.o "..\\W9-03_Adapters.cpp" 
g++ -o W9-03_Adapters.exe W9-03_Adapters.o 
Info: Nothing to build for W9-03_Adapters
Info: Nothing to build for W9-02_map&multimap_sample3
15:01:00 **** Incremental Build of configuration Debug for project W9-03_Adapters ****
Info: Internal Builder is used for build
g++ -O0 -g3 -Wall -c -fmessage-length=0 -o W9-03_Adapters.o "..\\W9-03_Adapters.cpp" 
g++ -o W9-03_Adapters.exe W9-03_Adapters.o 
Info: Nothing to build for W9-02_map&multimap_sample3
Info: Nothing to build for W9-03_Adapters
15:16:37 **** Rebuild of configuration Debug for project W9-04_Algorithm ****
Info: Internal Builder is used for build
g++ -O0 -g3 -Wall -c -fmessage-length=0 -o W9-04_Algorithm.o "..\\W9-04_Algorithm.cpp" 
g++ -o W9-04_Algorithm.exe W9-04_Algorithm.o 
d:/program files/development/mingw/bin/../lib/gcc/mingw32/4.7.1/../../../libmingw32.a(main.o):main.c:(.text.startup+0xa7): undefined reference to `WinMain@16'
collect2.exe: error: ld returned 1 exit status
Info: Nothing to build for W9-02_map&multimap_sample3
Info: Nothing to build for W9-03_Adapters
15:19:02 **** Incremental Build of configuration Debug for project W9-04_Algorithm ****
Info: Internal Builder is used for build
g++ -O0 -g3 -Wall -c -fmessage-length=0 -o W9-04_Algorithm.o "..\\W9-04_Algorithm.cpp" 
g++ -o W9-04_Algorithm.exe W9-04_Algorithm.o 
15:29:08 **** Rebuild of configuration Debug for project W9-04_Algorithm_sample2 ****
Info: Internal Builder is used for build
g++ -O0 -g3 -Wall -c -fmessage-length=0 -o W9-04_Algorithm_sample2.o "..\\W9-04_Algorithm_sample2.cpp" 
g++ -o W9-04_Algorithm_sample2.exe W9-04_Algorithm_sample2.o 
d:/program files/development/mingw/bin/../lib/gcc/mingw32/4.7.1/../../../libmingw32.a(main.o):main.c:(.text.startup+0xa7): undefined reference to `WinMain@16'
collect2.exe: error: ld returned 1 exit status
15:34:59 **** Incremental Build of configuration Debug for project W9-04_Algorithm_sample2 ****
Info: Internal Builder is used for build
g++ -O0 -g3 -Wall -c -fmessage-length=0 -o W9-04_Algorithm_sample2.o "..\\W9-04_Algorithm_sample2.cpp" 
..\W9-04_Algorithm_sample2.cpp: In function 'int main()':
..\W9-04_Algorithm_sample2.cpp:24:6: warning: unused variable 'a2' [-Wunused-variable]
g++ -o W9-04_Algorithm_sample2.exe W9-04_Algorithm_sample2.o 
15:47:19 **** Incremental Build of configuration Debug for project W9-04_Algorithm_sample2 ****
Info: Internal Builder is used for build
g++ -O0 -g3 -Wall -c -fmessage-length=0 -o W9-04_Algorithm_sample2.o "..\\W9-04_Algorithm_sample2.cpp" 
g++ -o W9-04_Algorithm_sample2.exe W9-04_Algorithm_sample2.o 
15:52:40 **** Incremental Build of configuration Debug for project W9-04_Algorithm_sample2 ****
Info: Internal Builder is used for build
g++ -O0 -g3 -Wall -c -fmessage-length=0 -o W9-04_Algorithm_sample2.o "..\\W9-04_Algorithm_sample2.cpp" 
g++ -o W9-04_Algorithm_sample2.exe W9-04_Algorithm_sample2.o 
15:59:02 **** Rebuild of configuration Debug for project W9-04_Algorithm_sample3 ****
Info: Internal Builder is used for build
g++ -O0 -g3 -Wall -c -fmessage-length=0 -o W9-04_Algorithm_sample3.o "..\\W9-04_Algorithm_sample3.cpp" 
g++ -o W9-04_Algorithm_sample3.exe W9-04_Algorithm_sample3.o 
16:01:31 **** Incremental Build of configuration Debug for project W9-04_Algorithm_sample3 ****
Info: Internal Builder is used for build
g++ -O0 -g3 -Wall -c -fmessage-length=0 -o W9-04_Algorithm_sample3.o "..\\W9-04_Algorithm_sample3.cpp" 
..\W9-04_Algorithm_sample3.cpp: In function 'int main()':
..\W9-04_Algorithm_sample3.cpp:9:2: error: 'My_ostream_iterator' was not declared in this scope
..\W9-04_Algorithm_sample3.cpp:9:22: error: expected primary-expression before 'int'
..\W9-04_Algorithm_sample3.cpp:9:22: error: expected ';' before 'int'
..\W9-04_Algorithm_sample3.cpp:10:17: error: 'oit' was not declared in this scope
..\W9-04_Algorithm_sample3.cpp:12:22: error: expected primary-expression before 'int'
..\W9-04_Algorithm_sample3.cpp:12:22: error: expected ';' before 'int'
..\W9-04_Algorithm_sample3.cpp:13:17: error: 'oitf' was not declared in this scope
..\W9-04_Algorithm_sample3.cpp: At global scope:
..\W9-04_Algorithm_sample3.cpp:17:1: error: expected declaration before '}' token
16:09:55 **** Incremental Build of configuration Debug for project W9-04_Algorithm_sample3 ****
Info: Internal Builder is used for build
g++ -O0 -g3 -Wall -c -fmessage-length=0 -o W9-04_Algorithm_sample3.o "..\\W9-04_Algorithm_sample3.cpp" 
..\W9-04_Algorithm_sample3.cpp:39:1: error: expected declaration before '}' token
16:10:01 **** Incremental Build of configuration Debug for project W9-04_Algorithm_sample3 ****
Info: Internal Builder is used for build
g++ -O0 -g3 -Wall -c -fmessage-length=0 -o W9-04_Algorithm_sample3.o "..\\W9-04_Algorithm_sample3.cpp" 
g++ -o W9-04_Algorithm_sample3.exe W9-04_Algorithm_sample3.o 
Info: Nothing to build for W9-04_Algorithm_sample3
16:22:51 **** Rebuild of configuration Debug for project W9-05_Algorithm_sample1 ****
Info: Internal Builder is used for build
g++ -O0 -g3 -Wall -c -fmessage-length=0 -o W9-05_Algorithm_sample1.o "..\\W9-05_Algorithm_sample1.cpp" 
..\W9-05_Algorithm_sample1.cpp: In function 'int main()':
..\W9-05_Algorithm_sample1.cpp:28:2: error: 'ostream_iterator' was not declared in this scope
..\W9-05_Algorithm_sample1.cpp:28:19: error: expected primary-expression before 'int'
..\W9-05_Algorithm_sample1.cpp:28:19: error: expected ';' before 'int'
..\W9-05_Algorithm_sample1.cpp:29:30: error: 'remove' was not declared in this scope
..\W9-05_Algorithm_sample1.cpp:31:17: error: 'oit' was not declared in this scope
..\W9-05_Algorithm_sample1.cpp:34:2: error: 'vector' was not declared in this scope
..\W9-05_Algorithm_sample1.cpp:34:9: error: expected primary-expression before 'int'
..\W9-05_Algorithm_sample1.cpp:34:9: error: expected ';' before 'int'
..\W9-05_Algorithm_sample1.cpp:35:9: error: 'v' was not declared in this scope
..\W9-05_Algorithm_sample1.cpp:27:6: warning: unused variable 'b' [-Wunused-variable]
Info: Nothing to build for W9-04_Algorithm_sample3
16:23:02 **** Incremental Build of configuration Debug for project W9-05_Algorithm_sample1 ****
Info: Internal Builder is used for build
g++ -O0 -g3 -Wall -c -fmessage-length=0 -o W9-05_Algorithm_sample1.o "..\\W9-05_Algorithm_sample1.cpp" 
..\W9-05_Algorithm_sample1.cpp: In function 'int main()':
..\W9-05_Algorithm_sample1.cpp:38:2: error: 'vector' was not declared in this scope
..\W9-05_Algorithm_sample1.cpp:38:9: error: expected primary-expression before 'int'
..\W9-05_Algorithm_sample1.cpp:38:9: error: expected ';' before 'int'
..\W9-05_Algorithm_sample1.cpp:39:9: error: 'v' was not declared in this scope
..\W9-05_Algorithm_sample1.cpp:31:6: warning: unused variable 'b' [-Wunused-variable]
