16:23:02 **** Incremental Build of configuration Debug for project W9-05_Algorithm_sample1 ****
Info: Internal Builder is used for build
g++ -O0 -g3 -Wall -c -fmessage-length=0 -o W9-05_Algorithm_sample1.o "..\\W9-05_Algorithm_sample1.cpp" 
..\W9-05_Algorithm_sample1.cpp: In function 'int main()':
..\W9-05_Algorithm_sample1.cpp:38:2: error: 'vector' was not declared in this scope
..\W9-05_Algorithm_sample1.cpp:38:9: error: expected primary-expression before 'int'
..\W9-05_Algorithm_sample1.cpp:38:9: error: expected ';' before 'int'
..\W9-05_Algorithm_sample1.cpp:39:9: error: 'v' was not declared in this scope
..\W9-05_Algorithm_sample1.cpp:31:6: warning: unused variable 'b' [-Wunused-variable]

16:23:02 Build Finished (took 431ms)

